<?xml version="1.0" encoding="UTF-8"?>
<testsuite name="SampleTest" tests="1" skipped="0" failures="0" errors="0" timestamp="2018-05-17T11:41:16" hostname="A-ZHALEYKOWS" time="0.003">
  <properties/>
  <testcase name="sampleTest" classname="SampleTest" time="0.003"/>
  <system-out><![CDATA[This is sample test
]]></system-out>
  <system-err><![CDATA[]]></system-err>
</testsuite>
